<?xml version="1.0" encoding="UTF-8"?>
<!-- Generated by org.testng.reporters.JUnitXMLReporter -->
<testsuite ignored="0" hostname="LAPTOP-NS62KLMK" failures="0" tests="6" name="Default test" time="11.047" errors="0" timestamp="2023-05-15T17:27:14 IST">
  <testcase classname="api.test.DataDrivenTests" name="testPostUser" time="3.006"/>
  <testcase classname="api.test.DataDrivenTests" name="testPostUser" time="1.362"/>
  <testcase classname="api.test.DataDrivenTests" name="testPostUser" time="1.352"/>
  <testcase classname="api.test.DataDrivenTests" name="testDeleteUserByName" time="1.321"/>
  <testcase classname="api.test.DataDrivenTests" name="testDeleteUserByName" time="1.341"/>
  <testcase classname="api.test.DataDrivenTests" name="testDeleteUserByName" time="1.297"/>
</testsuite> <!-- Default test -->
