<?xml version="1.0" encoding="UTF-8"?>
<testng-results ignored="0" total="4" passed="4" failed="0" skipped="0">
  <reporter-output>
  </reporter-output>
  <suite started-at="2023-05-16T11:29:50 IST" name="PetSuite" finished-at="2023-05-16T11:30:00 IST" duration-ms="9768">
    <groups>
    </groups>
    <test started-at="2023-05-16T11:29:50 IST" name="PetTest" finished-at="2023-05-16T11:30:00 IST" duration-ms="9768">
      <class name="api.test.UserTestsPropertiesfile">
        <test-method is-config="true" signature="setUpData()[pri:0, instance:api.test.UserTestsPropertiesfile@51c668e3]" started-at="2023-05-16T11:29:51 IST" name="setUpData" finished-at="2023-05-16T11:29:52 IST" duration-ms="805" status="PASS">
          <reporter-output>
          </reporter-output>
        </test-method> <!-- setUpData -->
        <test-method signature="testPostUser()[pri:1, instance:api.test.UserTestsPropertiesfile@51c668e3]" started-at="2023-05-16T11:29:52 IST" name="testPostUser" finished-at="2023-05-16T11:29:55 IST" duration-ms="3453" status="PASS">
          <reporter-output>
          </reporter-output>
        </test-method> <!-- testPostUser -->
        <test-method signature="testGetUserByName()[pri:2, instance:api.test.UserTestsPropertiesfile@51c668e3]" started-at="2023-05-16T11:29:55 IST" name="testGetUserByName" finished-at="2023-05-16T11:29:56 IST" duration-ms="1319" status="PASS">
          <reporter-output>
          </reporter-output>
        </test-method> <!-- testGetUserByName -->
        <test-method signature="testUpdateUserByName()[pri:3, instance:api.test.UserTestsPropertiesfile@51c668e3]" started-at="2023-05-16T11:29:56 IST" name="testUpdateUserByName" finished-at="2023-05-16T11:29:59 IST" duration-ms="2605" status="PASS">
          <reporter-output>
          </reporter-output>
        </test-method> <!-- testUpdateUserByName -->
        <test-method signature="testDeleteByName()[pri:4, instance:api.test.UserTestsPropertiesfile@51c668e3]" started-at="2023-05-16T11:29:59 IST" name="testDeleteByName" finished-at="2023-05-16T11:30:00 IST" duration-ms="1286" status="PASS">
          <reporter-output>
          </reporter-output>
        </test-method> <!-- testDeleteByName -->
      </class> <!-- api.test.UserTestsPropertiesfile -->
    </test> <!-- PetTest -->
  </suite> <!-- PetSuite -->
</testng-results>
