<?xml version="1.0" encoding="UTF-8"?>
<testng-results ignored="0" total="4" passed="4" failed="0" skipped="0">
  <reporter-output>
  </reporter-output>
  <suite started-at="2023-05-16T10:49:32 IST" name="PetSuite" finished-at="2023-05-16T10:49:43 IST" duration-ms="10292">
    <groups>
    </groups>
    <test started-at="2023-05-16T10:49:32 IST" name="PetTest" finished-at="2023-05-16T10:49:43 IST" duration-ms="10292">
      <class name="api.test.UserTestsPropertiesfile">
        <test-method is-config="true" signature="setUpData()[pri:0, instance:api.test.UserTestsPropertiesfile@4c1909a3]" started-at="2023-05-16T10:49:33 IST" name="setUpData" finished-at="2023-05-16T10:49:33 IST" duration-ms="672" status="PASS">
          <reporter-output>
          </reporter-output>
        </test-method> <!-- setUpData -->
        <test-method signature="testPostUser()[pri:1, instance:api.test.UserTestsPropertiesfile@4c1909a3]" started-at="2023-05-16T10:49:33 IST" name="testPostUser" finished-at="2023-05-16T10:49:37 IST" duration-ms="3188" status="PASS">
          <reporter-output>
          </reporter-output>
        </test-method> <!-- testPostUser -->
        <test-method signature="testGetUserByName()[pri:2, instance:api.test.UserTestsPropertiesfile@4c1909a3]" started-at="2023-05-16T10:49:37 IST" name="testGetUserByName" finished-at="2023-05-16T10:49:38 IST" duration-ms="1653" status="PASS">
          <reporter-output>
          </reporter-output>
        </test-method> <!-- testGetUserByName -->
        <test-method signature="testUpdateUserByName()[pri:3, instance:api.test.UserTestsPropertiesfile@4c1909a3]" started-at="2023-05-16T10:49:38 IST" name="testUpdateUserByName" finished-at="2023-05-16T10:49:41 IST" duration-ms="2963" status="PASS">
          <reporter-output>
          </reporter-output>
        </test-method> <!-- testUpdateUserByName -->
        <test-method signature="testDeleteByName()[pri:4, instance:api.test.UserTestsPropertiesfile@4c1909a3]" started-at="2023-05-16T10:49:41 IST" name="testDeleteByName" finished-at="2023-05-16T10:49:43 IST" duration-ms="1533" status="PASS">
          <reporter-output>
          </reporter-output>
        </test-method> <!-- testDeleteByName -->
      </class> <!-- api.test.UserTestsPropertiesfile -->
    </test> <!-- PetTest -->
  </suite> <!-- PetSuite -->
</testng-results>
