<?xml version="1.0" encoding="UTF-8"?>
<!-- Generated by org.testng.reporters.JUnitXMLReporter -->
<testsuite ignored="0" hostname="LAPTOP-NS62KLMK" failures="0" tests="4" name="PetTest" time="9.768" errors="0" timestamp="2023-05-16T11:30:01 IST">
  <testcase classname="api.test.UserTestsPropertiesfile" name="testPostUser" time="3.453"/>
  <testcase classname="api.test.UserTestsPropertiesfile" name="testGetUserByName" time="1.319"/>
  <testcase classname="api.test.UserTestsPropertiesfile" name="testUpdateUserByName" time="2.605"/>
  <testcase classname="api.test.UserTestsPropertiesfile" name="testDeleteByName" time="1.286"/>
</testsuite> <!-- PetTest -->
