<?xml version="1.0" encoding="UTF-8"?>
<!-- Generated by org.testng.reporters.JUnitXMLReporter -->
<testsuite ignored="0" hostname="LAPTOP-NS62KLMK" failures="0" tests="4" name="PetTest" time="10.292" errors="0" timestamp="2023-05-16T10:49:43 IST">
  <testcase classname="api.test.UserTestsPropertiesfile" name="testPostUser" time="3.188"/>
  <testcase classname="api.test.UserTestsPropertiesfile" name="testGetUserByName" time="1.653"/>
  <testcase classname="api.test.UserTestsPropertiesfile" name="testUpdateUserByName" time="2.963"/>
  <testcase classname="api.test.UserTestsPropertiesfile" name="testDeleteByName" time="1.533"/>
</testsuite> <!-- PetTest -->
